\BOOKMARK [1][-]{section.1}{1 Description Apolo}{}% 1
\BOOKMARK [2][-]{subsection.1.1}{1.1 Objetivo de Apolo}{section.1}% 2
\BOOKMARK [1][-]{section.2}{2 Requisitos Mínimos}{}% 3
\BOOKMARK [2][-]{subsection.2.1}{2.1 Hardware}{section.2}% 4
\BOOKMARK [2][-]{subsection.2.2}{2.2 Software}{section.2}% 5
\BOOKMARK [1][-]{section.3}{3 Instalación Apolo}{}% 6
\BOOKMARK [2][-]{subsection.3.1}{3.1 Microsoft Windows}{section.3}% 7
\BOOKMARK [2][-]{subsection.3.2}{3.2 Linux}{section.3}% 8
\BOOKMARK [2][-]{subsection.3.3}{3.3 Mac OS X }{section.3}% 9
\BOOKMARK [2][-]{subsection.3.4}{3.4 Código Fuente}{section.3}% 10
\BOOKMARK [1][-]{section.4}{4 Desinstalación}{}% 11
\BOOKMARK [2][-]{subsection.4.1}{4.1 Microsoft Windows}{section.4}% 12
\BOOKMARK [2][-]{subsection.4.2}{4.2 Linux}{section.4}% 13
\BOOKMARK [2][-]{subsection.4.3}{4.3 Mac OS X }{section.4}% 14
\BOOKMARK [1][-]{section.5}{5 Zonas de Apolo}{}% 15
\BOOKMARK [2][-]{subsection.5.1}{5.1 Diapositiva}{section.5}% 16
\BOOKMARK [2][-]{subsection.5.2}{5.2 Mesa}{section.5}% 17
\BOOKMARK [2][-]{subsection.5.3}{5.3 Estanterías}{section.5}% 18
\BOOKMARK [3][-]{subsubsection.5.3.1}{5.3.1 Baldas}{subsection.5.3}% 19
\BOOKMARK [2][-]{subsection.5.4}{5.4 Album}{section.5}% 20
\BOOKMARK [3][-]{subsubsection.5.4.1}{5.4.1 Paquete de Diapositivas}{subsection.5.4}% 21
\BOOKMARK [1][-]{section.6}{6 Importar Fotografías Apolo}{}% 22
\BOOKMARK [1][-]{section.7}{7 Ordenar y Clasificar Fotografías}{}% 23
\BOOKMARK [2][-]{subsection.7.1}{7.1 Mover a Estantería}{section.7}% 24
\BOOKMARK [2][-]{subsection.7.2}{7.2 Mover a Album}{section.7}% 25
\BOOKMARK [1][-]{section.8}{8 Exportar Fotografías Apolo}{}% 26
\BOOKMARK [1][-]{section.9}{9 Guardar estado de la aplicación}{}% 27
\BOOKMARK [1][-]{section.10}{10 Cargar estado de la aplicación}{}% 28
