This is pdfTeX, Version 3.1415926-1.40.11 (MiKTeX 2.9) (preloaded format=latex 2011.3.4)  12 APR 2011 19:02
entering extended mode
**C:/Users/PC/Desktop/Apolo/Doc/PFC/pfc.tex
(C:/Users/PC/Desktop/Apolo/Doc/PFC/pfc.tex
LaTeX2e <2009/09/24>
Babel <v3.8l> and hyphenation patterns for english, afrikaans, ancientgreek, ar
abic, armenian, assamese, basque, bengali, bokmal, bulgarian, catalan, coptic, 
croatian, czech, danish, dutch, esperanto, estonian, farsi, finnish, french, ga
lician, german, german-x-2009-06-19, greek, gujarati, hindi, hungarian, iceland
ic, indonesian, interlingua, irish, italian, kannada, kurmanji, lao, latin, lat
vian, lithuanian, malayalam, marathi, mongolian, mongolianlmc, monogreek, ngerm
an, ngerman-x-2009-06-19, nynorsk, oriya, panjabi, pinyin, polish, portuguese, 
romanian, russian, sanskrit, serbian, slovak, slovenian, spanish, swedish, swis
sgerman, tamil, telugu, turkish, turkmen, ukenglish, ukrainian, uppersorbian, u
senglishmax, welsh, loaded.
(C:\Users\PC\Desktop\Apolo\Doc\PFC\itsas_pfc.cls
Document Class: itsas_pfc 2007/03/06 Itsas document class
("C:\Program Files (x86)\MiKTeX 2.9\tex\latex\base\bk11.clo"
File: bk11.clo 2007/10/19 v1.4h Standard LaTeX file (size option)
)
\c@part=\count79
\c@chapter=\count80
\c@section=\count81
\c@subsection=\count82
\c@subsubsection=\count83
\c@paragraph=\count84
\c@subparagraph=\count85
\c@figure=\count86
\c@table=\count87
\abovecaptionskip=\skip41
\belowcaptionskip=\skip42
\bibindent=\dimen102
)
("C:\Program Files (x86)\MiKTeX 2.9\tex\latex\base\inputenc.sty"
Package: inputenc 2008/03/30 v1.1d Input encoding file
\inpenc@prehook=\toks14
\inpenc@posthook=\toks15

("C:\Program Files (x86)\MiKTeX 2.9\tex\latex\base\latin1.def"
File: latin1.def 2008/03/30 v1.1d Input encoding file
))
("C:\Program Files (x86)\MiKTeX 2.9\tex\latex\tools\longtable.sty"
Package: longtable 2004/02/01 v4.11 Multi-page Table package (DPC)
\LTleft=\skip43
\LTright=\skip44
\LTpre=\skip45
\LTpost=\skip46
\LTchunksize=\count88
\LTcapwidth=\dimen103
\LT@head=\box26
\LT@firsthead=\box27
\LT@foot=\box28
\LT@lastfoot=\box29
\LT@cols=\count89
\LT@rows=\count90
\c@LT@tables=\count91
\c@LT@chunks=\count92
\LT@p@ftn=\toks16
)
("C:\Program Files (x86)\MiKTeX 2.9\tex\latex\tools\array.sty"
Package: array 2008/09/09 v2.4c Tabular extension package (FMi)
\col@sep=\dimen104
\extrarowheight=\dimen105
\NC@list=\toks17
\extratabsurround=\skip47
\backup@length=\skip48
)
("C:\Program Files (x86)\MiKTeX 2.9\tex\latex\ltxmisc\url.sty"
\Urlmuskip=\muskip10
Package: url 2006/04/12  ver 3.3  Verb mode for urls, etc.
)
("C:\Program Files (x86)\MiKTeX 2.9\tex\latex\amsfonts\amsfonts.sty"
Package: amsfonts 2009/06/22 v3.00 Basic AMSFonts support
\@emptytoks=\toks18
\symAMSa=\mathgroup4
\symAMSb=\mathgroup5
LaTeX Font Info:    Overwriting math alphabet `\mathfrak' in version `bold'
(Font)                  U/euf/m/n --> U/euf/b/n on input line 96.
)
("C:\Program Files (x86)\MiKTeX 2.9\tex\generic\babel\babel.sty"
Package: babel 2008/07/06 v3.8l The Babel package

*************************************
* Local config file bblopts.cfg used
*
("C:\Program Files (x86)\MiKTeX 2.9\tex\latex\00miktex\bblopts.cfg"
File: bblopts.cfg 2006/07/31 v1.0 MiKTeX 'babel' configuration
)
("C:\Program Files (x86)\MiKTeX 2.9\tex\generic\babel\spanish.ldf"
Language: spanish.ldf 2009/01/02 v5.0h Spanish support from the babel system

("C:\Program Files (x86)\MiKTeX 2.9\tex\generic\babel\babel.def"
File: babel.def 2008/07/06 v3.8l Babel common definitions
\babel@savecnt=\count93
\U@D=\dimen106
)
\es@datefmt=\count94
\es@quottoks=\toks19
\es@quotdepth=\count95
Package babel Info: Making " an active character on input line 492.
Package babel Info: Making . an active character on input line 585.
Package babel Info: Making < an active character on input line 630.
Package babel Info: Making > an active character on input line 630.
Package babel Info: Making ' an active character on input line 657.
))
("C:\Program Files (x86)\MiKTeX 2.9\tex\latex\base\fontenc.sty"
Package: fontenc 2005/09/27 v1.99g Standard LaTeX package

("C:\Program Files (x86)\MiKTeX 2.9\tex\latex\base\t1enc.def"
File: t1enc.def 2005/09/27 v1.99g Standard LaTeX file
LaTeX Font Info:    Redeclaring font encoding T1 on input line 43.
))
(C:\Users\PC\AppData\Roaming\MiKTeX\2.9\tex\latex\arial\uarial.sty
Package: uarial 2006/03/21 1.0 (WaS)

("C:\Program Files (x86)\MiKTeX 2.9\tex\latex\graphics\keyval.sty"
Package: keyval 1999/03/16 v1.13 key=value parser (DPC)
\KV@toks@=\toks20
))
(C:\Users\PC\Desktop\Apolo\Doc\PFC\config/pfc_options.tex
(C:\Users\PC\AppData\Roaming\MiKTeX\2.9\tex\latex\fancyhdr\fancyhdr.sty
\fancy@headwidth=\skip49
\f@ncyO@elh=\skip50
\f@ncyO@erh=\skip51
\f@ncyO@olh=\skip52
\f@ncyO@orh=\skip53
\f@ncyO@elf=\skip54
\f@ncyO@erf=\skip55
\f@ncyO@olf=\skip56
\f@ncyO@orf=\skip57
)
("C:\Program Files (x86)\MiKTeX 2.9\tex\latex\graphics\color.sty"
Package: color 2005/11/14 v1.0j Standard LaTeX Color (DPC)

("C:\Program Files (x86)\MiKTeX 2.9\tex\latex\00miktex\color.cfg"
File: color.cfg 2007/01/18 v1.5 color configuration of teTeX/TeXLive
)
Package color Info: Driver file: dvips.def on input line 130.

("C:\Program Files (x86)\MiKTeX 2.9\tex\latex\graphics\dvips.def"
File: dvips.def 1999/02/16 v3.0i Driver-dependant file (DPC,SPQR)
)
("C:\Program Files (x86)\MiKTeX 2.9\tex\latex\graphics\dvipsnam.def"
File: dvipsnam.def 1999/02/16 v3.0i Driver-dependant file (DPC,SPQR)
))
(C:\Users\PC\AppData\Roaming\MiKTeX\2.9\tex\latex\rotating\rotating.sty
Package: rotating 2009/03/28 v2.16a rotated objects in LaTeX

("C:\Program Files (x86)\MiKTeX 2.9\tex\latex\graphics\graphicx.sty"
Package: graphicx 1999/02/16 v1.0f Enhanced LaTeX Graphics (DPC,SPQR)

("C:\Program Files (x86)\MiKTeX 2.9\tex\latex\graphics\graphics.sty"
Package: graphics 2009/02/05 v1.0o Standard LaTeX Graphics (DPC,SPQR)

("C:\Program Files (x86)\MiKTeX 2.9\tex\latex\graphics\trig.sty"
Package: trig 1999/03/16 v1.09 sin cos tan (DPC)
)
("C:\Program Files (x86)\MiKTeX 2.9\tex\latex\00miktex\graphics.cfg"
File: graphics.cfg 2007/01/18 v1.5 graphics configuration of teTeX/TeXLive
)
Package graphics Info: Driver file: dvips.def on input line 91.
)
\Gin@req@height=\dimen107
\Gin@req@width=\dimen108
)
("C:\Program Files (x86)\MiKTeX 2.9\tex\latex\base\ifthen.sty"
Package: ifthen 2001/05/26 v1.1c Standard LaTeX ifthen package (DPC)
)
\c@r@tfl@t=\count96
\rotFPtop=\skip58
\rotFPbot=\skip59
\rot@float@box=\box30
\rot@mess@toks=\toks21
)
(C:\Users\PC\AppData\Roaming\MiKTeX\2.9\tex\latex\minitoc\minitoc.sty
Package: minitoc 2008/07/16 v60 Package minitoc (JPFD)

(C:\Users\PC\AppData\Roaming\MiKTeX\2.9\tex\latex\minitoc\mtcmess.sty
Package: mtcmess 2006/03/14
)
Package minitoc Info: I0001
(minitoc)             *** minitoc package, version 60 ***.
\tf@mtc=\write3
\mtcindent=\skip60
\mtcskipamount=\skip61
Package minitoc Info: I0005
(minitoc)             compatible with hyperref.
Package minitoc Info: I0023
(minitoc)             part level macros available.
Package minitoc Info: I0003
(minitoc)             chapter level macros available.
\mtc@toks=\toks22
\mtc@strutbox=\box31
\mtc@hstrutbox=\box32
Package minitoc Info: I0002
(minitoc)             Autoconfiguration of extensions.

(C:\Users\PC\Desktop\Apolo\Doc\PFC\pfc.mtc0)
Package minitoc Info: I0012
(minitoc)             Long extensions (Unix-like) will be used.
Package minitoc Info: I0031
(minitoc)             ==> this version is configured for UNIX-like 
(minitoc)                 (long extensions) file names.
\c@mtc=\count97
\c@minitocdepth=\count98
\c@ptc=\count99
\c@parttocdepth=\count100
\ptcindent=\skip62
Package minitoc Info: I0010
(minitoc)             The english language is selected.
(minitoc)              on input line 4910.

(C:\Users\PC\AppData\Roaming\MiKTeX\2.9\tex\latex\minitoc\english.mld
File: english.mld 2006/01/13
)
(C:\Users\PC\AppData\Roaming\MiKTeX\2.9\tex\latex\minitoc\english.mld
File: english.mld 2006/01/13
))
(C:\Users\PC\AppData\Roaming\MiKTeX\2.9\tex\latex\epsf\epsf.sty
This is `epsf.tex' v2.7.4 <14 February 2011>
\epsffilein=\read1
\epsfframemargin=\dimen109
\epsfframethickness=\dimen110
\epsfrsize=\dimen111
\epsftmp=\dimen112
\epsftsize=\dimen113
\epsfxsize=\dimen114
\epsfysize=\dimen115
\pspoints=\dimen116
) (C:\Users\PC\AppData\Roaming\MiKTeX\2.9\tex\latex\textpos\textpos.sty
Package: textpos 2010/09/30 v1.7g

Package: `textpos' 1.7g <2010 September 30>
(C:\Users\PC\AppData\Roaming\MiKTeX\2.9\tex\latex\ms\everyshi.sty
Package: everyshi 2001/05/15 v3.00 EveryShipout Package (MS)
)
\TP@textbox=\box33
\TP@holdbox=\box34
\TPHorizModule=\dimen117
\TPVertModule=\dimen118
\TP@margin=\dimen119
\TP@absmargin=\dimen120

Grid set 16 x 16 = 37.34424pt x 52.81541pt
\TPboxrulesize=\dimen121
\TP@ox=\dimen122
\TP@oy=\dimen123
\TP@tbargs=\toks23
\TP@prevdepth=\dimen124
TextBlockOrigin set to 0pt x 0pt
)) (C:\Users\PC\Desktop\Apolo\Doc\PFC\config/rename.tex)
(C:\Users\PC\Desktop\Apolo\Doc\PFC\pfc.aux)
LaTeX Font Info:    Checking defaults for OML/cmm/m/it on input line 54.
LaTeX Font Info:    ... okay on input line 54.
LaTeX Font Info:    Checking defaults for T1/cmr/m/n on input line 54.
LaTeX Font Info:    ... okay on input line 54.
LaTeX Font Info:    Checking defaults for OT1/cmr/m/n on input line 54.
LaTeX Font Info:    ... okay on input line 54.
LaTeX Font Info:    Checking defaults for OMS/cmsy/m/n on input line 54.
LaTeX Font Info:    ... okay on input line 54.
LaTeX Font Info:    Checking defaults for OMX/cmex/m/n on input line 54.
LaTeX Font Info:    ... okay on input line 54.
LaTeX Font Info:    Checking defaults for U/cmr/m/n on input line 54.
LaTeX Font Info:    ... okay on input line 54.
Package minitoc(hints) Info: I0049
(minitoc(hints))             ==> You requested the hints option. 
(minitoc(hints))             Some hints are eventually given below.

ABD: EveryShipout initializing macros
(C:\Users\PC\Desktop\Apolo\Doc\PFC\config/begin.tex)
(C:\Users\PC\Desktop\Apolo\Doc\PFC\config/toc.tex
Package minitoc Info: I0024
(minitoc)             PREPARING MINITOCS FROM pfc.toc on input line 2.
Package minitoc Info: I0033
(minitoc)             Writing pfc.mtc1.
Package minitoc Info: I0033
(minitoc)             Writing pfc.mtc2.

(C:\Users\PC\Desktop\Apolo\Doc\PFC\pfc.toc
LaTeX Font Info:    Try loading font information for U+msa on input line 3.

("C:\Program Files (x86)\MiKTeX 2.9\tex\latex\amsfonts\umsa.fd"
File: umsa.fd 2009/06/22 v3.00 AMS symbols A
)
LaTeX Font Info:    Try loading font information for U+msb on input line 3.

("C:\Program Files (x86)\MiKTeX 2.9\tex\latex\amsfonts\umsb.fd"
File: umsb.fd 2009/06/22 v3.00 AMS symbols B
))
\tf@toc=\write4
 [1


] [2

]
(C:\Users\PC\Desktop\Apolo\Doc\PFC\pfc.lof)
\tf@lof=\write5
 [3] [4

]
(C:\Users\PC\Desktop\Apolo\Doc\PFC\pfc.lot)
\tf@lot=\write6
 [5] [6

])
(C:\Users\PC\Desktop\Apolo\Doc\PFC\Config/headers.tex)
(C:\Users\PC\Desktop\Apolo\Doc\PFC\config/chapters.tex)
(C:\Users\PC\Desktop\Apolo\Doc\PFC\planificacion/planificacion.tex
Overfull \hbox (308.89989pt too wide) in paragraph at lines 1--7
[][]\T1/cmr/m/n/10.95 =========================================================
==================== 
 []

[1] [2

]
Cap\'{\i }tulo 1.
(C:\Users\PC\Desktop\Apolo\Doc\PFC\pfc.mtc1) [3

]

LaTeX Warning: Reference `fig:back:clasificador' on page 4 undefined on input l
ine 24.

File: planificacion/images/clasificadorAnalogico.eps Graphic file (type eps)
<planificacion/images/clasificadorAnalogico.eps> [4] [5]
File: planificacion/images/mod-iterativo.eps Graphic file (type eps)

<planificacion/images/mod-iterativo.eps>
Underfull \hbox (badness 10000) in paragraph at lines 77--78

 []

[6] [7]) (C:\Users\PC\Desktop\Apolo\Doc\PFC\background/background.tex [8]
Cap\'{\i }tulo 2.
(C:\Users\PC\Desktop\Apolo\Doc\PFC\pfc.mtc2) [9


])
(C:\Users\PC\Desktop\Apolo\Doc\PFC\config/appendix.tex)
Package minitoc Info: I0009
(minitoc)             Listing minitoc auxiliary files. 
(minitoc)             Creating the pfc.maf file.
Package minitoc(hints) Info: I0019
(minitoc(hints))             No hints have been written 
(minitoc(hints))             in the pfc.log file..
 [10]
(C:\Users\PC\Desktop\Apolo\Doc\PFC\pfc.aux)

LaTeX Warning: There were undefined references.

 ) 
Here is how much of TeX's memory you used:
 3924 strings out of 494054
 52351 string characters out of 3146218
 133468 words of memory out of 3000000
 6908 multiletter control sequences out of 15000+200000
 22376 words of font info for 56 fonts, out of 3000000 for 9000
 716 hyphenation exceptions out of 8191
 34i,11n,43p,3898b,435s stack positions out of 5000i,500n,10000p,200000b,50000s

Output written on pfc.dvi (16 pages, 36092 bytes).
